[couchdb:info,2023-08-29T18:14:55.015Z,couchdb_ns_1@cb.local:couch_audit<0.284.0>:couch_log:info:30]Couch audit settings changed <ud>[{audit_enabled,false},
                                  {disabled_users,[]},
                                  {enabled_events,[]}]</ud>
[couchdb:info,2023-08-29T18:14:56.080Z,couchdb_ns_1@cb.local:couch_audit<0.284.0>:couch_log:info:30]Unable to connect to memcahced: {error,{badmatch,{error,econnrefused}}}.
[couchdb:error,2023-08-29T18:14:56.080Z,couchdb_ns_1@cb.local:couch_audit<0.284.0>:couch_log:error:33]Error in sending log messsage to memcached Reason: no_socket
[couchdb:info,2023-08-29T18:15:54.598Z,couchdb_ns_1@cb.local:couch_query_logger<0.227.0>:couch_log:info:30]Query-Volume
---
[couchdb:info,2023-08-29T18:16:54.599Z,couchdb_ns_1@cb.local:couch_query_logger<0.227.0>:couch_log:info:30]Query-Volume
---
[couchdb:info,2023-08-29T18:17:54.600Z,couchdb_ns_1@cb.local:couch_query_logger<0.227.0>:couch_log:info:30]Query-Volume
---
[couchdb:info,2023-08-29T18:18:54.600Z,couchdb_ns_1@cb.local:couch_query_logger<0.227.0>:couch_log:info:30]Query-Volume
---
[couchdb:info,2023-08-29T18:19:54.602Z,couchdb_ns_1@cb.local:couch_query_logger<0.227.0>:couch_log:info:30]Query-Volume
---
[couchdb:info,2023-08-29T18:20:54.603Z,couchdb_ns_1@cb.local:couch_query_logger<0.227.0>:couch_log:info:30]Query-Volume
---
[couchdb:info,2023-08-29T18:21:54.605Z,couchdb_ns_1@cb.local:couch_query_logger<0.227.0>:couch_log:info:30]Query-Volume
---
[couchdb:info,2023-08-29T18:22:54.607Z,couchdb_ns_1@cb.local:couch_query_logger<0.227.0>:couch_log:info:30]Query-Volume
---
[couchdb:info,2023-08-29T18:23:54.606Z,couchdb_ns_1@cb.local:couch_query_logger<0.227.0>:couch_log:info:30]Query-Volume
---
[couchdb:info,2023-08-29T18:24:54.608Z,couchdb_ns_1@cb.local:couch_query_logger<0.227.0>:couch_log:info:30]Query-Volume
---
[couchdb:info,2023-08-29T18:25:54.609Z,couchdb_ns_1@cb.local:couch_query_logger<0.227.0>:couch_log:info:30]Query-Volume
---
[couchdb:info,2023-08-29T18:26:54.620Z,couchdb_ns_1@cb.local:couch_query_logger<0.227.0>:couch_log:info:30]Query-Volume
---
[couchdb:info,2023-08-29T18:27:54.611Z,couchdb_ns_1@cb.local:couch_query_logger<0.227.0>:couch_log:info:30]Query-Volume
---
[couchdb:info,2023-08-29T18:28:54.612Z,couchdb_ns_1@cb.local:couch_query_logger<0.227.0>:couch_log:info:30]Query-Volume
---
[couchdb:info,2023-08-29T18:29:54.613Z,couchdb_ns_1@cb.local:couch_query_logger<0.227.0>:couch_log:info:30]Query-Volume
---
[couchdb:info,2023-08-29T18:30:54.613Z,couchdb_ns_1@cb.local:couch_query_logger<0.227.0>:couch_log:info:30]Query-Volume
---
