[json_rpc:debug,2023-08-29T18:14:57.613Z,ns_1@cb.local:json_rpc_connection-goxdcr-cbauth<0.808.0>:json_rpc_connection:handle_call:156]sending jsonrpc call:{[{jsonrpc,<<"2.0">>},
                       {id,0},
                       {method,<<"AuthCacheSvc.UpdateDB">>},
                       {params,
                        [{[{specialUser,<<"@goxdcr">>},
                           {nodes,
                            [{[{host,<<"127.0.0.1">>},
                               {user,<<"@goxdcr">>},
                               {password,"*****"},
                               {ports,
                                [8091,18091,11210,11207,8092,18092,9999,9999]},
                               {local,true}]}]},
                           {tlsConfig,{[{present,false}]}},
                           {authCheckURL,<<"http://127.0.0.1:8091/_cbauth">>},
                           {permissionCheckURL,
                            <<"http://127.0.0.1:8091/_cbauth/checkPermission">>},
                           {permissionsVersion,
                            <<"nakj30mn/aEzVG6JWTW5nxV22hY=">>},
                           {limitsCheckURL,
                            <<"http://127.0.0.1:8091/_cbauth/getUserLimits">>},
                           {uuidCheckURL,
                            <<"http://127.0.0.1:8091/_cbauth/getUserUuid">>},
                           {userVersion,<<"USPdLAe1oHUDLktzjnlBK3VYnPw=">>},
                           {authVersion,<<"NBmyMO/2CkbmD60KkY8A/z17v8s=">>},
                           {certVersion,85993821},
                           {limitsConfig,
                            {[{enforceLimits,false},
                              {userLimitsVersion,
                               <<"USPdLAe1oHUDLktzjnlBK3VYnPw=">>}]}},
                           {extractUserFromCertURL,
                            <<"http://127.0.0.1:8091/_cbauth/extractUserFromCert">>},
                           {clientCertAuthState,<<"disable">>},
                           {clientCertAuthVersion,
                            <<"cAN8XSFAtQ98DdNbAKta8iJSRpw=">>},
                           {clusterEncryptionConfig,
                            {[{encryptData,false},
                              {disableNonSSLPorts,false}]}}]}]}]}
[json_rpc:debug,2023-08-29T18:14:57.616Z,ns_1@cb.local:json_rpc_connection-goxdcr-cbauth<0.808.0>:json_rpc_connection:handle_info:89]got response: [{<<"id">>,0},{<<"result">>,true},{<<"error">>,null}]
[json_rpc:debug,2023-08-29T18:21:15.184Z,ns_1@127.0.0.1:json_rpc_connection-goxdcr-cbauth<0.808.0>:json_rpc_connection:handle_call:156]sending jsonrpc call:{[{jsonrpc,<<"2.0">>},
                       {id,1},
                       {method,<<"AuthCacheSvc.UpdateDB">>},
                       {params,
                        [{[{specialUser,<<"@goxdcr">>},
                           {nodes,[]},
                           {tlsConfig,{[{present,false}]}},
                           {authCheckURL,<<"http://127.0.0.1:8091/_cbauth">>},
                           {permissionCheckURL,
                            <<"http://127.0.0.1:8091/_cbauth/checkPermission">>},
                           {permissionsVersion,
                            <<"nakj30mn/aEzVG6JWTW5nxV22hY=">>},
                           {limitsCheckURL,
                            <<"http://127.0.0.1:8091/_cbauth/getUserLimits">>},
                           {uuidCheckURL,
                            <<"http://127.0.0.1:8091/_cbauth/getUserUuid">>},
                           {userVersion,<<"USPdLAe1oHUDLktzjnlBK3VYnPw=">>},
                           {authVersion,<<"XV5tQoxjA4WfRNdSrX4WgSTqv14=">>},
                           {certVersion,85993821},
                           {limitsConfig,
                            {[{enforceLimits,false},
                              {userLimitsVersion,
                               <<"USPdLAe1oHUDLktzjnlBK3VYnPw=">>}]}},
                           {extractUserFromCertURL,
                            <<"http://127.0.0.1:8091/_cbauth/extractUserFromCert">>},
                           {clientCertAuthState,<<"disable">>},
                           {clientCertAuthVersion,
                            <<"cAN8XSFAtQ98DdNbAKta8iJSRpw=">>},
                           {clusterEncryptionConfig,
                            {[{encryptData,false},
                              {disableNonSSLPorts,false}]}}]}]}]}
[json_rpc:debug,2023-08-29T18:21:15.200Z,ns_1@127.0.0.1:json_rpc_connection-goxdcr-cbauth<0.808.0>:json_rpc_connection:handle_info:89]got response: [{<<"id">>,1},{<<"result">>,true},{<<"error">>,null}]
[json_rpc:debug,2023-08-29T18:21:15.274Z,ns_1@127.0.0.1:json_rpc_connection-goxdcr-cbauth<0.808.0>:json_rpc_connection:handle_call:156]sending jsonrpc call:{[{jsonrpc,<<"2.0">>},
                       {id,2},
                       {method,<<"AuthCacheSvc.UpdateDB">>},
                       {params,
                        [{[{specialUser,<<"@goxdcr">>},
                           {nodes,
                            [{[{host,<<"127.0.0.1">>},
                               {user,<<"@goxdcr">>},
                               {password,"*****"},
                               {ports,
                                [8091,18091,11210,11207,8092,18092,9999,9999]},
                               {local,true}]}]},
                           {tlsConfig,{[{present,false}]}},
                           {authCheckURL,<<"http://127.0.0.1:8091/_cbauth">>},
                           {permissionCheckURL,
                            <<"http://127.0.0.1:8091/_cbauth/checkPermission">>},
                           {permissionsVersion,
                            <<"nakj30mn/aEzVG6JWTW5nxV22hY=">>},
                           {limitsCheckURL,
                            <<"http://127.0.0.1:8091/_cbauth/getUserLimits">>},
                           {uuidCheckURL,
                            <<"http://127.0.0.1:8091/_cbauth/getUserUuid">>},
                           {userVersion,<<"USPdLAe1oHUDLktzjnlBK3VYnPw=">>},
                           {authVersion,<<"NBmyMO/2CkbmD60KkY8A/z17v8s=">>},
                           {certVersion,85993821},
                           {limitsConfig,
                            {[{enforceLimits,false},
                              {userLimitsVersion,
                               <<"USPdLAe1oHUDLktzjnlBK3VYnPw=">>}]}},
                           {extractUserFromCertURL,
                            <<"http://127.0.0.1:8091/_cbauth/extractUserFromCert">>},
                           {clientCertAuthState,<<"disable">>},
                           {clientCertAuthVersion,
                            <<"cAN8XSFAtQ98DdNbAKta8iJSRpw=">>},
                           {clusterEncryptionConfig,
                            {[{encryptData,false},
                              {disableNonSSLPorts,false}]}}]}]}]}
[json_rpc:debug,2023-08-29T18:21:15.277Z,ns_1@127.0.0.1:json_rpc_connection-goxdcr-cbauth<0.808.0>:json_rpc_connection:handle_info:89]got response: [{<<"id">>,2},{<<"result">>,true},{<<"error">>,null}]
