ts=2023-08-29T18:14:56.038Z caller=main.go:512 level=info msg="Starting Prometheus" version="(version=2.33.3, branch=HEAD, revision=507e397211baae975fb5ca73e21f9610973daa2a)"
ts=2023-08-29T18:14:56.038Z caller=main.go:517 level=info build_context="(go=go1.18.5, user=couchbase@801814e493e5, date=20220804-05:45:04)"
ts=2023-08-29T18:14:56.039Z caller=main.go:518 level=info host_details="(Linux 5.15.90.1-microsoft-standard-WSL2 #1 SMP Fri Jan 27 02:56:13 UTC 2023 x86_64 3c4a4b4850c5 )"
ts=2023-08-29T18:14:56.039Z caller=main.go:519 level=info fd_limits="(soft=1048576, hard=1048576)"
ts=2023-08-29T18:14:56.039Z caller=main.go:520 level=info vm_limits="(soft=unlimited, hard=unlimited)"
ts=2023-08-29T18:14:56.081Z caller=web.go:570 level=info component=web msg="Start listening for connections" address=127.0.0.1:9123
ts=2023-08-29T18:14:56.105Z caller=main.go:923 level=info msg="Starting TSDB ..."
ts=2023-08-29T18:14:56.134Z caller=tls_config.go:231 level=info component=web msg="TLS is disabled." http2=false
ts=2023-08-29T18:14:56.204Z caller=head.go:493 level=info component=tsdb msg="Replaying on-disk memory mappable chunks if any"
ts=2023-08-29T18:14:56.204Z caller=head.go:527 level=info component=tsdb msg="On-disk memory mappable chunks replay completed" duration=11.732µs
ts=2023-08-29T18:14:56.205Z caller=head.go:533 level=info component=tsdb msg="Replaying WAL, this may take a while"
ts=2023-08-29T18:14:56.226Z caller=head.go:604 level=info component=tsdb msg="WAL segment loaded" segment=0 maxSegment=0
ts=2023-08-29T18:14:56.226Z caller=head.go:610 level=info component=tsdb msg="WAL replay completed" checkpoint_replay_duration=17.429413ms wal_replay_duration=3.873878ms total_replay_duration=22.039335ms
ts=2023-08-29T18:14:56.236Z caller=main.go:944 level=info fs_type=1021997
ts=2023-08-29T18:14:56.237Z caller=main.go:947 level=info msg="TSDB started"
ts=2023-08-29T18:14:56.237Z caller=main.go:948 level=debug msg="TSDB options" MinBlockDuration=2h MaxBlockDuration=1d1h MaxBytes=1GiB NoLockfile=true RetentionDuration=1y WALSegmentSize=0B AllowOverlappingBlocks=false WALCompression=true
ts=2023-08-29T18:14:56.237Z caller=main.go:1128 level=info msg="Loading configuration file" filename=/opt/couchbase/var/lib/couchbase/config/prometheus.yml
ts=2023-08-29T18:14:56.247Z caller=manager.go:196 level=debug component="discovery manager scrape" msg="Starting provider" provider=static/0 subs=[general]
ts=2023-08-29T18:14:56.247Z caller=manager.go:196 level=debug component="discovery manager scrape" msg="Starting provider" provider=static/1 subs=[ns_server_high_cardinality]
ts=2023-08-29T18:14:56.247Z caller=manager.go:196 level=debug component="discovery manager scrape" msg="Starting provider" provider=static/2 subs=[kv_high_cardinality]
ts=2023-08-29T18:14:56.248Z caller=manager.go:214 level=debug component="discovery manager scrape" msg="Discoverer channel closed" provider=static/0
ts=2023-08-29T18:14:56.248Z caller=manager.go:214 level=debug component="discovery manager scrape" msg="Discoverer channel closed" provider=static/2
ts=2023-08-29T18:14:56.248Z caller=manager.go:214 level=debug component="discovery manager scrape" msg="Discoverer channel closed" provider=static/1
ts=2023-08-29T18:14:56.264Z caller=main.go:1165 level=info msg="Completed loading of configuration file" filename=/opt/couchbase/var/lib/couchbase/config/prometheus.yml totalDuration=27.753243ms db_storage=2.084µs remote_storage=3.136µs web_handler=992ns query_engine=2.104µs scrape=650.819µs scrape_sd=279.447µs notify=2.705µs notify_sd=6.613µs rules=16.977215ms
ts=2023-08-29T18:14:56.265Z caller=main.go:896 level=info msg="Server is ready to receive web requests."
